[07:10:13,933] [INFO] CmdHandlerFactory.init --> =====    开始命令与处理器的关联      =====
[07:10:14,008] [INFO] CmdHandlerFactory.init --> org.tinygame.herostory.msg.GameMsgProtocol$UserLoginCmd <====> org.tinygame.herostory.cmdhandler.UserLoginCmdHandler
[07:10:14,011] [INFO] CmdHandlerFactory.init --> org.tinygame.herostory.msg.GameMsgProtocol$UserMoveToCmd <====> org.tinygame.herostory.cmdhandler.UserMoveToCmdHandler
[07:10:14,013] [INFO] CmdHandlerFactory.init --> org.tinygame.herostory.msg.GameMsgProtocol$UserAttkCmd <====> org.tinygame.herostory.cmdhandler.UserAttackCmdHandler
[07:10:14,015] [INFO] CmdHandlerFactory.init --> org.tinygame.herostory.msg.GameMsgProtocol$WhoElseIsHereCmd <====> org.tinygame.herostory.cmdhandler.WhoElseIsHereCmdHandler
[07:10:14,017] [INFO] CmdHandlerFactory.init --> org.tinygame.herostory.msg.GameMsgProtocol$UserEntryCmd <====> org.tinygame.herostory.cmdhandler.UserEntryCmdHandler
[07:10:14,019] [INFO] CmdHandlerFactory.init --> =====    完成命令与处理器的关联      =====
[07:10:14,021] [INFO] GameMsgRecognizer.init --> =====   开始消息类与消息编号的映射    =========
[07:10:14,080] [INFO] GameMsgRecognizer.init --> org.tinygame.herostory.msg.GameMsgProtocol$SelectHeroResult <==> 16
[07:10:14,083] [INFO] GameMsgRecognizer.init --> org.tinygame.herostory.msg.GameMsgProtocol$SelectHeroCmd <==> 15
[07:10:14,085] [INFO] GameMsgRecognizer.init --> org.tinygame.herostory.msg.GameMsgProtocol$UserLoginResult <==> 14
[07:10:14,088] [INFO] GameMsgRecognizer.init --> org.tinygame.herostory.msg.GameMsgProtocol$UserLoginCmd <==> 13
[07:10:14,091] [INFO] GameMsgRecognizer.init --> org.tinygame.herostory.msg.GameMsgProtocol$UserDieResult <==> 12
[07:10:14,093] [INFO] GameMsgRecognizer.init --> org.tinygame.herostory.msg.GameMsgProtocol$UserSubtractHpResult <==> 11
[07:10:14,096] [INFO] GameMsgRecognizer.init --> org.tinygame.herostory.msg.GameMsgProtocol$UserAttkResult <==> 10
[07:10:14,098] [INFO] GameMsgRecognizer.init --> org.tinygame.herostory.msg.GameMsgProtocol$UserAttkCmd <==> 9
[07:10:14,102] [INFO] GameMsgRecognizer.init --> org.tinygame.herostory.msg.GameMsgProtocol$UserStopResult <==> 8
[07:10:14,106] [INFO] GameMsgRecognizer.init --> org.tinygame.herostory.msg.GameMsgProtocol$UserStopCmd <==> 7
[07:10:14,109] [INFO] GameMsgRecognizer.init --> org.tinygame.herostory.msg.GameMsgProtocol$UserQuitResult <==> 6
[07:10:14,111] [INFO] GameMsgRecognizer.init --> org.tinygame.herostory.msg.GameMsgProtocol$UserMoveToResult <==> 5
[07:10:14,113] [INFO] GameMsgRecognizer.init --> org.tinygame.herostory.msg.GameMsgProtocol$UserMoveToCmd <==> 4
[07:10:14,116] [INFO] GameMsgRecognizer.init --> org.tinygame.herostory.msg.GameMsgProtocol$WhoElseIsHereResult <==> 3
[07:10:14,118] [INFO] GameMsgRecognizer.init --> org.tinygame.herostory.msg.GameMsgProtocol$WhoElseIsHereCmd <==> 2
[07:10:14,120] [INFO] GameMsgRecognizer.init --> org.tinygame.herostory.msg.GameMsgProtocol$UserEntryResult <==> 1
[07:10:14,122] [INFO] GameMsgRecognizer.init --> org.tinygame.herostory.msg.GameMsgProtocol$UserEntryCmd <==> 0
[07:10:14,122] [INFO] GameMsgRecognizer.init --> =====   完成消息类与消息编号的映射    =========
[07:10:14,630] [ERROR] MySqlSessionFactory.init --> MySql 数据库连接测试成功
[07:10:15,924] [INFO] ServerMain.main --> 服务器启动成功!
[07:10:34,610] [INFO] MainMsgProcessor.process --> 收到客户端消息, msgClazz = UserLoginCmd, msg = userName: "1"
password: "1"

[07:10:34,664] [INFO] LoginService.lambda$userLogin$0 --> 当前线程 = AsyncOperationProcessor
[07:10:34,726] [INFO] MainMsgProcessor.process --> 收到客户端消息, msgClazz = UserEntryCmd, msg = 
[07:10:34,727] [INFO] MainMsgProcessor.process --> 收到客户端消息, msgClazz = WhoElseIsHereCmd, msg = 
[07:35:08,763] [INFO] CmdHandlerFactory.init --> =====    开始命令与处理器的关联      =====
[07:35:08,816] [INFO] CmdHandlerFactory.init --> org.tinygame.herostory.msg.GameMsgProtocol$UserLoginCmd <====> org.tinygame.herostory.cmdhandler.UserLoginCmdHandler
[07:35:08,817] [INFO] CmdHandlerFactory.init --> org.tinygame.herostory.msg.GameMsgProtocol$UserMoveToCmd <====> org.tinygame.herostory.cmdhandler.UserMoveToCmdHandler
[07:35:08,817] [INFO] CmdHandlerFactory.init --> org.tinygame.herostory.msg.GameMsgProtocol$UserAttkCmd <====> org.tinygame.herostory.cmdhandler.UserAttackCmdHandler
[07:35:08,819] [INFO] CmdHandlerFactory.init --> org.tinygame.herostory.msg.GameMsgProtocol$WhoElseIsHereCmd <====> org.tinygame.herostory.cmdhandler.WhoElseIsHereCmdHandler
[07:35:08,820] [INFO] CmdHandlerFactory.init --> org.tinygame.herostory.msg.GameMsgProtocol$UserEntryCmd <====> org.tinygame.herostory.cmdhandler.UserEntryCmdHandler
[07:35:08,821] [INFO] CmdHandlerFactory.init --> =====    完成命令与处理器的关联      =====
[07:35:08,822] [INFO] GameMsgRecognizer.init --> =====   开始消息类与消息编号的映射    =========
[07:35:08,860] [INFO] GameMsgRecognizer.init --> org.tinygame.herostory.msg.GameMsgProtocol$SelectHeroResult <==> 16
[07:35:08,861] [INFO] GameMsgRecognizer.init --> org.tinygame.herostory.msg.GameMsgProtocol$SelectHeroCmd <==> 15
[07:35:08,862] [INFO] GameMsgRecognizer.init --> org.tinygame.herostory.msg.GameMsgProtocol$UserLoginResult <==> 14
[07:35:08,864] [INFO] GameMsgRecognizer.init --> org.tinygame.herostory.msg.GameMsgProtocol$UserLoginCmd <==> 13
[07:35:08,865] [INFO] GameMsgRecognizer.init --> org.tinygame.herostory.msg.GameMsgProtocol$UserDieResult <==> 12
[07:35:08,866] [INFO] GameMsgRecognizer.init --> org.tinygame.herostory.msg.GameMsgProtocol$UserSubtractHpResult <==> 11
[07:35:08,867] [INFO] GameMsgRecognizer.init --> org.tinygame.herostory.msg.GameMsgProtocol$UserAttkResult <==> 10
[07:35:08,869] [INFO] GameMsgRecognizer.init --> org.tinygame.herostory.msg.GameMsgProtocol$UserAttkCmd <==> 9
[07:35:08,871] [INFO] GameMsgRecognizer.init --> org.tinygame.herostory.msg.GameMsgProtocol$UserStopResult <==> 8
[07:35:08,872] [INFO] GameMsgRecognizer.init --> org.tinygame.herostory.msg.GameMsgProtocol$UserStopCmd <==> 7
[07:35:08,874] [INFO] GameMsgRecognizer.init --> org.tinygame.herostory.msg.GameMsgProtocol$UserQuitResult <==> 6
[07:35:08,876] [INFO] GameMsgRecognizer.init --> org.tinygame.herostory.msg.GameMsgProtocol$UserMoveToResult <==> 5
[07:35:08,878] [INFO] GameMsgRecognizer.init --> org.tinygame.herostory.msg.GameMsgProtocol$UserMoveToCmd <==> 4
[07:35:08,880] [INFO] GameMsgRecognizer.init --> org.tinygame.herostory.msg.GameMsgProtocol$WhoElseIsHereResult <==> 3
[07:35:08,881] [INFO] GameMsgRecognizer.init --> org.tinygame.herostory.msg.GameMsgProtocol$WhoElseIsHereCmd <==> 2
[07:35:08,882] [INFO] GameMsgRecognizer.init --> org.tinygame.herostory.msg.GameMsgProtocol$UserEntryResult <==> 1
[07:35:08,883] [INFO] GameMsgRecognizer.init --> org.tinygame.herostory.msg.GameMsgProtocol$UserEntryCmd <==> 0
[07:35:08,884] [INFO] GameMsgRecognizer.init --> =====   完成消息类与消息编号的映射    =========
[07:35:09,281] [ERROR] MySqlSessionFactory.init --> MySql 数据库连接测试成功
[07:35:10,478] [INFO] ServerMain.main --> 服务器启动成功!
[07:35:19,212] [INFO] MainMsgProcessor.process --> 收到客户端消息, msgClazz = UserLoginCmd, msg = userName: "2"
password: "3"

[07:35:19,214] [INFO] UserLoginCmdHandler.handle --> 当前线程 = MainMsgProcessor
[07:35:19,236] [INFO] LoginService$AsyncGetUserEntity.doAsync --> 当前线程 = AsyncOperationProcessor
[07:35:19,242] [INFO] UserLoginCmdHandler.lambda$handle$0 --> 当前线程 = MainMsgProcessor
[07:35:19,305] [INFO] MainMsgProcessor.process --> 收到客户端消息, msgClazz = UserEntryCmd, msg = 
[07:35:19,306] [INFO] MainMsgProcessor.process --> 收到客户端消息, msgClazz = WhoElseIsHereCmd, msg = 
[08:03:42,881] [INFO] CmdHandlerFactory.init --> =====    开始命令与处理器的关联      =====
[08:03:42,935] [INFO] CmdHandlerFactory.init --> org.tinygame.herostory.msg.GameMsgProtocol$UserLoginCmd <====> org.tinygame.herostory.cmdhandler.UserLoginCmdHandler
[08:03:42,936] [INFO] CmdHandlerFactory.init --> org.tinygame.herostory.msg.GameMsgProtocol$UserMoveToCmd <====> org.tinygame.herostory.cmdhandler.UserMoveToCmdHandler
[08:03:42,938] [INFO] CmdHandlerFactory.init --> org.tinygame.herostory.msg.GameMsgProtocol$UserAttkCmd <====> org.tinygame.herostory.cmdhandler.UserAttackCmdHandler
[08:03:42,939] [INFO] CmdHandlerFactory.init --> org.tinygame.herostory.msg.GameMsgProtocol$WhoElseIsHereCmd <====> org.tinygame.herostory.cmdhandler.WhoElseIsHereCmdHandler
[08:03:42,940] [INFO] CmdHandlerFactory.init --> org.tinygame.herostory.msg.GameMsgProtocol$UserEntryCmd <====> org.tinygame.herostory.cmdhandler.UserEntryCmdHandler
[08:03:42,942] [INFO] CmdHandlerFactory.init --> =====    完成命令与处理器的关联      =====
[08:03:42,942] [INFO] GameMsgRecognizer.init --> =====   开始消息类与消息编号的映射    =========
[08:03:42,984] [INFO] GameMsgRecognizer.init --> org.tinygame.herostory.msg.GameMsgProtocol$SelectHeroResult <==> 16
[08:03:42,985] [INFO] GameMsgRecognizer.init --> org.tinygame.herostory.msg.GameMsgProtocol$SelectHeroCmd <==> 15
[08:03:42,988] [INFO] GameMsgRecognizer.init --> org.tinygame.herostory.msg.GameMsgProtocol$UserLoginResult <==> 14
[08:03:42,990] [INFO] GameMsgRecognizer.init --> org.tinygame.herostory.msg.GameMsgProtocol$UserLoginCmd <==> 13
[08:03:42,992] [INFO] GameMsgRecognizer.init --> org.tinygame.herostory.msg.GameMsgProtocol$UserDieResult <==> 12
[08:03:42,993] [INFO] GameMsgRecognizer.init --> org.tinygame.herostory.msg.GameMsgProtocol$UserSubtractHpResult <==> 11
[08:03:42,994] [INFO] GameMsgRecognizer.init --> org.tinygame.herostory.msg.GameMsgProtocol$UserAttkResult <==> 10
[08:03:42,996] [INFO] GameMsgRecognizer.init --> org.tinygame.herostory.msg.GameMsgProtocol$UserAttkCmd <==> 9
[08:03:42,998] [INFO] GameMsgRecognizer.init --> org.tinygame.herostory.msg.GameMsgProtocol$UserStopResult <==> 8
[08:03:43,000] [INFO] GameMsgRecognizer.init --> org.tinygame.herostory.msg.GameMsgProtocol$UserStopCmd <==> 7
[08:03:43,002] [INFO] GameMsgRecognizer.init --> org.tinygame.herostory.msg.GameMsgProtocol$UserQuitResult <==> 6
[08:03:43,004] [INFO] GameMsgRecognizer.init --> org.tinygame.herostory.msg.GameMsgProtocol$UserMoveToResult <==> 5
[08:03:43,005] [INFO] GameMsgRecognizer.init --> org.tinygame.herostory.msg.GameMsgProtocol$UserMoveToCmd <==> 4
[08:03:43,008] [INFO] GameMsgRecognizer.init --> org.tinygame.herostory.msg.GameMsgProtocol$WhoElseIsHereResult <==> 3
[08:03:43,010] [INFO] GameMsgRecognizer.init --> org.tinygame.herostory.msg.GameMsgProtocol$WhoElseIsHereCmd <==> 2
[08:03:43,012] [INFO] GameMsgRecognizer.init --> org.tinygame.herostory.msg.GameMsgProtocol$UserEntryResult <==> 1
[08:03:43,013] [INFO] GameMsgRecognizer.init --> org.tinygame.herostory.msg.GameMsgProtocol$UserEntryCmd <==> 0
[08:03:43,013] [INFO] GameMsgRecognizer.init --> =====   完成消息类与消息编号的映射    =========
[08:03:43,373] [ERROR] MySqlSessionFactory.init --> MySql 数据库连接测试成功
[08:03:44,529] [INFO] ServerMain.main --> 服务器启动成功!
[08:03:55,325] [INFO] MainMsgProcessor.process --> 收到客户端消息, msgClazz = UserLoginCmd, msg = userName: "1"
password: "2"

[08:03:55,327] [INFO] UserLoginCmdHandler.handle --> 当前线程 = MainMsgProcessor
[08:03:55,355] [INFO] LoginService$AsyncGetUserEntity.doAsync --> 当前线程 = AsyncOperationProcessor
[08:03:55,355] [ERROR] LoginService$AsyncGetUserEntity.doAsync --> 密码错误
java.lang.RuntimeException: 密码错误
	at org.tinygame.herostory.login.LoginService$AsyncGetUserEntity.doAsync(LoginService.java:130)
	at org.tinygame.herostory.async.AsyncOperationProcessor.lambda$process$1(AsyncOperationProcessor.java:60)
	at java.util.concurrent.Executors$RunnableAdapter.call(Executors.java:511)
	at java.util.concurrent.FutureTask.run(FutureTask.java:266)
	at java.util.concurrent.ThreadPoolExecutor.runWorker(ThreadPoolExecutor.java:1149)
	at java.util.concurrent.ThreadPoolExecutor$Worker.run(ThreadPoolExecutor.java:624)
	at java.lang.Thread.run(Thread.java:748)
[08:03:55,357] [INFO] UserLoginCmdHandler.lambda$handle$0 --> 当前线程 = MainMsgProcessor
[08:04:17,751] [INFO] MainMsgProcessor.process --> 收到客户端消息, msgClazz = UserLoginCmd, msg = userName: "1"
password: "1"

[08:04:17,752] [INFO] UserLoginCmdHandler.handle --> 当前线程 = MainMsgProcessor
[08:04:17,753] [INFO] LoginService$AsyncGetUserEntity.doAsync --> 当前线程 = AsyncOperationProcessor
[08:04:17,754] [INFO] UserLoginCmdHandler.lambda$handle$0 --> 当前线程 = MainMsgProcessor
[08:04:17,801] [INFO] MainMsgProcessor.process --> 收到客户端消息, msgClazz = UserEntryCmd, msg = 
[08:04:17,801] [INFO] MainMsgProcessor.process --> 收到客户端消息, msgClazz = WhoElseIsHereCmd, msg = 
[08:05:40,954] [INFO] CmdHandlerFactory.init --> =====    开始命令与处理器的关联      =====
[08:05:41,008] [INFO] CmdHandlerFactory.init --> org.tinygame.herostory.msg.GameMsgProtocol$UserLoginCmd <====> org.tinygame.herostory.cmdhandler.UserLoginCmdHandler
[08:05:41,009] [INFO] CmdHandlerFactory.init --> org.tinygame.herostory.msg.GameMsgProtocol$UserMoveToCmd <====> org.tinygame.herostory.cmdhandler.UserMoveToCmdHandler
[08:05:41,010] [INFO] CmdHandlerFactory.init --> org.tinygame.herostory.msg.GameMsgProtocol$UserAttkCmd <====> org.tinygame.herostory.cmdhandler.UserAttackCmdHandler
[08:05:41,011] [INFO] CmdHandlerFactory.init --> org.tinygame.herostory.msg.GameMsgProtocol$WhoElseIsHereCmd <====> org.tinygame.herostory.cmdhandler.WhoElseIsHereCmdHandler
[08:05:41,012] [INFO] CmdHandlerFactory.init --> org.tinygame.herostory.msg.GameMsgProtocol$UserEntryCmd <====> org.tinygame.herostory.cmdhandler.UserEntryCmdHandler
[08:05:41,016] [INFO] CmdHandlerFactory.init --> =====    完成命令与处理器的关联      =====
[08:05:41,017] [INFO] GameMsgRecognizer.init --> =====   开始消息类与消息编号的映射    =========
[08:05:41,055] [INFO] GameMsgRecognizer.init --> org.tinygame.herostory.msg.GameMsgProtocol$SelectHeroResult <==> 16
[08:05:41,057] [INFO] GameMsgRecognizer.init --> org.tinygame.herostory.msg.GameMsgProtocol$SelectHeroCmd <==> 15
[08:05:41,058] [INFO] GameMsgRecognizer.init --> org.tinygame.herostory.msg.GameMsgProtocol$UserLoginResult <==> 14
[08:05:41,060] [INFO] GameMsgRecognizer.init --> org.tinygame.herostory.msg.GameMsgProtocol$UserLoginCmd <==> 13
[08:05:41,061] [INFO] GameMsgRecognizer.init --> org.tinygame.herostory.msg.GameMsgProtocol$UserDieResult <==> 12
[08:05:41,062] [INFO] GameMsgRecognizer.init --> org.tinygame.herostory.msg.GameMsgProtocol$UserSubtractHpResult <==> 11
[08:05:41,064] [INFO] GameMsgRecognizer.init --> org.tinygame.herostory.msg.GameMsgProtocol$UserAttkResult <==> 10
[08:05:41,066] [INFO] GameMsgRecognizer.init --> org.tinygame.herostory.msg.GameMsgProtocol$UserAttkCmd <==> 9
[08:05:41,069] [INFO] GameMsgRecognizer.init --> org.tinygame.herostory.msg.GameMsgProtocol$UserStopResult <==> 8
[08:05:41,070] [INFO] GameMsgRecognizer.init --> org.tinygame.herostory.msg.GameMsgProtocol$UserStopCmd <==> 7
[08:05:41,071] [INFO] GameMsgRecognizer.init --> org.tinygame.herostory.msg.GameMsgProtocol$UserQuitResult <==> 6
[08:05:41,072] [INFO] GameMsgRecognizer.init --> org.tinygame.herostory.msg.GameMsgProtocol$UserMoveToResult <==> 5
[08:05:41,074] [INFO] GameMsgRecognizer.init --> org.tinygame.herostory.msg.GameMsgProtocol$UserMoveToCmd <==> 4
[08:05:41,077] [INFO] GameMsgRecognizer.init --> org.tinygame.herostory.msg.GameMsgProtocol$WhoElseIsHereResult <==> 3
[08:05:41,078] [INFO] GameMsgRecognizer.init --> org.tinygame.herostory.msg.GameMsgProtocol$WhoElseIsHereCmd <==> 2
[08:05:41,079] [INFO] GameMsgRecognizer.init --> org.tinygame.herostory.msg.GameMsgProtocol$UserEntryResult <==> 1
[08:05:41,080] [INFO] GameMsgRecognizer.init --> org.tinygame.herostory.msg.GameMsgProtocol$UserEntryCmd <==> 0
[08:05:41,081] [INFO] GameMsgRecognizer.init --> =====   完成消息类与消息编号的映射    =========
[08:05:41,457] [ERROR] MySqlSessionFactory.init --> MySql 数据库连接测试成功
[08:05:42,695] [INFO] ServerMain.main --> 服务器启动成功!
[08:05:52,934] [INFO] MainMsgProcessor.process --> 收到客户端消息, msgClazz = UserLoginCmd, msg = userName: "1"
password: "1"

[08:05:52,935] [INFO] UserLoginCmdHandler.handle --> 当前线程 = MainMsgProcessor
[08:05:52,960] [INFO] LoginService$AsyncGetUserEntity.doAsync --> 当前线程 = AsyncOperationProcessor[ 0 ]
[08:05:52,961] [INFO] UserLoginCmdHandler.lambda$handle$0 --> 当前线程 = MainMsgProcessor
[08:05:53,006] [INFO] MainMsgProcessor.process --> 收到客户端消息, msgClazz = UserEntryCmd, msg = 
[08:05:53,007] [INFO] MainMsgProcessor.process --> 收到客户端消息, msgClazz = WhoElseIsHereCmd, msg = 
[08:06:07,233] [INFO] MainMsgProcessor.process --> 收到客户端消息, msgClazz = UserLoginCmd, msg = userName: "2"
password: "2"

[08:06:07,233] [INFO] UserLoginCmdHandler.handle --> 当前线程 = MainMsgProcessor
[08:06:07,235] [INFO] LoginService$AsyncGetUserEntity.doAsync --> 当前线程 = AsyncOperationProcessor[ 0 ]
[08:06:07,235] [INFO] UserLoginCmdHandler.lambda$handle$0 --> 当前线程 = MainMsgProcessor
[08:06:07,289] [INFO] MainMsgProcessor.process --> 收到客户端消息, msgClazz = UserEntryCmd, msg = 
[08:06:07,289] [INFO] MainMsgProcessor.process --> 收到客户端消息, msgClazz = WhoElseIsHereCmd, msg = 
[08:06:09,260] [INFO] MainMsgProcessor.process --> 收到客户端消息, msgClazz = UserMoveToCmd, msg = moveToPosX: 178.89154
moveToPosY: -109.49397

[08:06:11,584] [INFO] MainMsgProcessor.process --> 收到客户端消息, msgClazz = UserMoveToCmd, msg = moveFromPosX: 179.33917
moveFromPosY: -111.05651
moveToPosX: 242.12047
moveToPosY: 47.036144

[08:06:12,584] [INFO] MainMsgProcessor.process --> 收到客户端消息, msgClazz = UserMoveToCmd, msg = moveFromPosX: 243.37221
moveFromPosY: 17.034239
moveToPosX: -134.93977
moveToPosY: -48.578312

[08:06:13,247] [INFO] MainMsgProcessor.process --> 收到客户端消息, msgClazz = UserMoveToCmd, msg = moveFromPosX: 157.97276
moveFromPosY: -49.166073
moveToPosX: 300.72287
moveToPosY: -8.481928

[08:06:15,884] [INFO] MainMsgProcessor.process --> 收到客户端消息, msgClazz = UserMoveToCmd, msg = moveToPosX: -106.40966
moveToPosY: -40.096386

[08:06:32,130] [INFO] MainMsgProcessor.process --> 收到客户端消息, msgClazz = UserMoveToCmd, msg = moveFromPosX: -106.77556
moveFromPosY: -40.570118
moveToPosX: 98.69878
moveToPosY: -127.22891

[08:06:32,949] [INFO] MainMsgProcessor.process --> 收到客户端消息, msgClazz = UserMoveToCmd, msg = moveFromPosX: -2.1602721
moveFromPosY: -128.10931
moveToPosX: -206.65062
moveToPosY: -69.39759

[08:06:38,717] [INFO] MainMsgProcessor.process --> 收到客户端消息, msgClazz = UserLoginCmd, msg = userName: "1"
password: "1"

[08:06:38,718] [INFO] UserLoginCmdHandler.handle --> 当前线程 = MainMsgProcessor
[08:06:38,719] [INFO] LoginService$AsyncGetUserEntity.doAsync --> 当前线程 = AsyncOperationProcessor[ 0 ]
[08:06:38,719] [INFO] UserLoginCmdHandler.lambda$handle$0 --> 当前线程 = MainMsgProcessor
[08:06:38,766] [INFO] MainMsgProcessor.process --> 收到客户端消息, msgClazz = UserEntryCmd, msg = 
[08:06:38,766] [INFO] MainMsgProcessor.process --> 收到客户端消息, msgClazz = WhoElseIsHereCmd, msg = 
[08:06:42,333] [INFO] MainMsgProcessor.process --> 收到客户端消息, msgClazz = UserMoveToCmd, msg = moveToPosX: -186.60243
moveToPosY: 42.409637

[08:06:45,379] [INFO] MainMsgProcessor.process --> 收到客户端消息, msgClazz = UserMoveToCmd, msg = moveFromPosX: 301.02457
moveFromPosY: -6.426105
moveToPosX: 35.46986
moveToPosY: -28.53012

[08:06:46,403] [INFO] MainMsgProcessor.process --> 收到客户端消息, msgClazz = UserMoveToCmd, msg = moveFromPosX: 168.65121
moveFromPosY: -29.91833
moveToPosX: 337.73492
moveToPosY: 36.240963

[08:07:23,257] [INFO] MainMsgProcessor.process --> 收到客户端消息, msgClazz = UserAttkCmd, msg = targetUserId: 4294967295

[08:07:23,257] [INFO] UserAttackCmdHandler.handle --> 用户攻击
[08:07:24,356] [INFO] MainMsgProcessor.process --> 收到客户端消息, msgClazz = UserMoveToCmd, msg = moveFromPosX: -187.88417
moveFromPosY: 42.69965
moveToPosX: -97.927734
moveToPosY: -20.048193

[08:07:24,836] [INFO] MainMsgProcessor.process --> 收到客户端消息, msgClazz = UserMoveToCmd, msg = moveFromPosX: -125.963425
moveFromPosY: -19.221115
moveToPosX: 262.16864
moveToPosY: 8.481928

[08:07:25,219] [INFO] MainMsgProcessor.process --> 收到客户端消息, msgClazz = UserMoveToCmd, msg = moveFromPosX: -76.85623
moveFromPosY: 8.549892
moveToPosX: 295.3253
moveToPosY: 31.614458

[08:07:26,210] [INFO] MainMsgProcessor.process --> 收到客户端消息, msgClazz = UserMoveToCmd, msg = moveFromPosX: 49.117012
moveFromPosY: 32.035587
moveToPosX: 338.506
moveToPosY: 16.963856

[08:07:27,374] [INFO] MainMsgProcessor.process --> 收到客户端消息, msgClazz = UserMoveToCmd, msg = moveFromPosX: 198.5825
moveFromPosY: 14.912259
moveToPosX: 289.9277
moveToPosY: 34.698795

[08:07:27,899] [INFO] MainMsgProcessor.process --> 收到客户端消息, msgClazz = UserAttkCmd, msg = targetUserId: 3

[08:07:27,900] [INFO] UserAttackCmdHandler.handle --> 用户攻击
[08:07:27,900] [INFO] UserAttackCmdHandler.handle --> 当前线程 = MainMsgProcessor
[08:07:28,073] [INFO] MainMsgProcessor.process --> 收到客户端消息, msgClazz = UserAttkCmd, msg = targetUserId: 3

[08:07:28,073] [INFO] UserAttackCmdHandler.handle --> 用户攻击
[08:07:28,074] [INFO] UserAttackCmdHandler.handle --> 当前线程 = MainMsgProcessor
[08:07:28,239] [INFO] MainMsgProcessor.process --> 收到客户端消息, msgClazz = UserAttkCmd, msg = targetUserId: 3

[08:07:28,239] [INFO] UserAttackCmdHandler.handle --> 用户攻击
[08:07:28,239] [INFO] UserAttackCmdHandler.handle --> 当前线程 = MainMsgProcessor
[08:07:28,398] [INFO] MainMsgProcessor.process --> 收到客户端消息, msgClazz = UserAttkCmd, msg = targetUserId: 3

[08:07:28,398] [INFO] UserAttackCmdHandler.handle --> 用户攻击
[08:07:28,398] [INFO] UserAttackCmdHandler.handle --> 当前线程 = MainMsgProcessor
[08:07:28,543] [INFO] MainMsgProcessor.process --> 收到客户端消息, msgClazz = UserAttkCmd, msg = targetUserId: 3

[08:07:28,543] [INFO] UserAttackCmdHandler.handle --> 用户攻击
[08:07:28,543] [INFO] UserAttackCmdHandler.handle --> 当前线程 = MainMsgProcessor
[08:07:28,740] [INFO] MainMsgProcessor.process --> 收到客户端消息, msgClazz = UserAttkCmd, msg = targetUserId: 3

[08:07:28,740] [INFO] UserAttackCmdHandler.handle --> 用户攻击
[08:07:28,741] [INFO] UserAttackCmdHandler.handle --> 当前线程 = MainMsgProcessor
[08:07:28,865] [INFO] MainMsgProcessor.process --> 收到客户端消息, msgClazz = UserAttkCmd, msg = targetUserId: 3

[08:07:28,865] [INFO] UserAttackCmdHandler.handle --> 用户攻击
[08:07:28,865] [INFO] UserAttackCmdHandler.handle --> 当前线程 = MainMsgProcessor
[08:07:28,992] [INFO] MainMsgProcessor.process --> 收到客户端消息, msgClazz = UserAttkCmd, msg = targetUserId: 3

[08:07:28,992] [INFO] UserAttackCmdHandler.handle --> 用户攻击
[08:07:28,992] [INFO] UserAttackCmdHandler.handle --> 当前线程 = MainMsgProcessor
[08:07:29,152] [INFO] MainMsgProcessor.process --> 收到客户端消息, msgClazz = UserAttkCmd, msg = targetUserId: 3

[08:07:29,152] [INFO] UserAttackCmdHandler.handle --> 用户攻击
[08:07:29,152] [INFO] UserAttackCmdHandler.handle --> 当前线程 = MainMsgProcessor
[08:07:29,321] [INFO] MainMsgProcessor.process --> 收到客户端消息, msgClazz = UserAttkCmd, msg = targetUserId: 3

[08:07:29,322] [INFO] UserAttackCmdHandler.handle --> 用户攻击
[08:07:29,322] [INFO] UserAttackCmdHandler.handle --> 当前线程 = MainMsgProcessor
[08:07:29,472] [INFO] MainMsgProcessor.process --> 收到客户端消息, msgClazz = UserAttkCmd, msg = targetUserId: 3

[08:07:29,473] [INFO] UserAttackCmdHandler.handle --> 用户攻击
[08:07:29,473] [INFO] UserAttackCmdHandler.handle --> 当前线程 = MainMsgProcessor
[08:07:29,610] [INFO] MainMsgProcessor.process --> 收到客户端消息, msgClazz = UserAttkCmd, msg = targetUserId: 3

[08:07:29,610] [INFO] UserAttackCmdHandler.handle --> 用户攻击
[08:07:29,610] [INFO] UserAttackCmdHandler.handle --> 当前线程 = MainMsgProcessor
[08:07:30,244] [INFO] MainMsgProcessor.process --> 收到客户端消息, msgClazz = UserAttkCmd, msg = targetUserId: 3

[08:07:30,245] [INFO] UserAttackCmdHandler.handle --> 用户攻击
[08:07:30,245] [INFO] UserAttackCmdHandler.handle --> 当前线程 = MainMsgProcessor
[08:07:30,444] [INFO] MainMsgProcessor.process --> 收到客户端消息, msgClazz = UserAttkCmd, msg = targetUserId: 3

[08:07:30,444] [INFO] UserAttackCmdHandler.handle --> 用户攻击
[08:07:30,444] [INFO] UserAttackCmdHandler.handle --> 当前线程 = MainMsgProcessor
[08:07:30,631] [INFO] MainMsgProcessor.process --> 收到客户端消息, msgClazz = UserAttkCmd, msg = targetUserId: 3

[08:07:30,631] [INFO] UserAttackCmdHandler.handle --> 用户攻击
[08:07:30,632] [INFO] UserAttackCmdHandler.handle --> 当前线程 = MainMsgProcessor
[08:07:30,843] [INFO] MainMsgProcessor.process --> 收到客户端消息, msgClazz = UserAttkCmd, msg = targetUserId: 3

[08:07:30,844] [INFO] UserAttackCmdHandler.handle --> 用户攻击
[08:07:30,844] [INFO] UserAttackCmdHandler.handle --> 当前线程 = MainMsgProcessor
[08:07:31,672] [INFO] MainMsgProcessor.process --> 收到客户端消息, msgClazz = UserMoveToCmd, msg = moveFromPosX: 264.80887
moveFromPosY: 36.273415
moveToPosX: 114.12046
moveToPosY: 17.73494

[08:07:33,093] [INFO] MainMsgProcessor.process --> 收到客户端消息, msgClazz = UserMoveToCmd, msg = moveFromPosX: 113.22796
moveFromPosY: 17.055235
moveToPosX: 199.71083
moveToPosY: 40.86747

[08:07:34,393] [INFO] MainMsgProcessor.process --> 收到客户端消息, msgClazz = UserAttkCmd, msg = targetUserId: 4294967295

[08:07:34,393] [INFO] UserAttackCmdHandler.handle --> 用户攻击
[08:07:34,610] [INFO] MainMsgProcessor.process --> 收到客户端消息, msgClazz = UserAttkCmd, msg = targetUserId: 4294967295

[08:07:34,611] [INFO] UserAttackCmdHandler.handle --> 用户攻击
[08:07:34,817] [INFO] MainMsgProcessor.process --> 收到客户端消息, msgClazz = UserAttkCmd, msg = targetUserId: 4294967295

[08:07:34,817] [INFO] UserAttackCmdHandler.handle --> 用户攻击
[08:07:35,447] [INFO] MainMsgProcessor.process --> 收到客户端消息, msgClazz = UserMoveToCmd, msg = moveFromPosX: 200.78166
moveFromPosY: 42.677124
moveToPosX: 321.54214
moveToPosY: 23.903614

[08:07:36,116] [INFO] MainMsgProcessor.process --> 收到客户端消息, msgClazz = UserMoveToCmd, msg = moveFromPosX: 286.18103
moveFromPosY: 23.475077
moveToPosX: 333.8795
moveToPosY: 30.843374

[08:07:36,569] [INFO] MainMsgProcessor.process --> 收到客户端消息, msgClazz = UserAttkCmd, msg = targetUserId: 3

[08:07:36,569] [INFO] UserAttackCmdHandler.handle --> 用户攻击
[08:07:36,569] [INFO] UserAttackCmdHandler.handle --> 当前线程 = MainMsgProcessor
[08:07:37,235] [INFO] MainMsgProcessor.process --> 收到客户端消息, msgClazz = UserAttkCmd, msg = targetUserId: 3

[08:07:37,236] [INFO] UserAttackCmdHandler.handle --> 用户攻击
[08:07:37,236] [INFO] UserAttackCmdHandler.handle --> 当前线程 = MainMsgProcessor
[08:07:37,877] [INFO] MainMsgProcessor.process --> 收到客户端消息, msgClazz = UserAttkCmd, msg = targetUserId: 3

[08:07:37,878] [INFO] UserAttackCmdHandler.handle --> 用户攻击
[08:07:37,878] [INFO] UserAttackCmdHandler.handle --> 当前线程 = MainMsgProcessor
[08:07:38,484] [INFO] MainMsgProcessor.process --> 收到客户端消息, msgClazz = UserMoveToCmd, msg = moveFromPosX: 335.28342
moveFromPosY: 32.01882
moveToPosX: 242.89154
moveToPosY: 29.301205

[08:07:39,867] [INFO] MainMsgProcessor.process --> 收到客户端消息, msgClazz = UserMoveToCmd, msg = moveFromPosX: 241.35703
moveFromPosY: 27.764742
moveToPosX: 298.4096
moveToPosY: 33.156628

[08:07:40,579] [INFO] MainMsgProcessor.process --> 收到客户端消息, msgClazz = UserAttkCmd, msg = targetUserId: 3

[08:07:40,580] [INFO] UserAttackCmdHandler.handle --> 用户攻击
[08:07:40,580] [INFO] UserAttackCmdHandler.handle --> 当前线程 = MainMsgProcessor
[08:07:41,081] [INFO] MainMsgProcessor.process --> 收到客户端消息, msgClazz = UserAttkCmd, msg = targetUserId: 3

[08:07:41,082] [INFO] UserAttackCmdHandler.handle --> 用户攻击
[08:07:41,082] [INFO] UserAttackCmdHandler.handle --> 当前线程 = MainMsgProcessor
[08:07:41,732] [INFO] MainMsgProcessor.process --> 收到客户端消息, msgClazz = UserAttkCmd, msg = targetUserId: 3

[08:07:41,732] [INFO] UserAttackCmdHandler.handle --> 用户攻击
[08:07:41,733] [INFO] UserAttackCmdHandler.handle --> 当前线程 = MainMsgProcessor
[08:07:42,307] [INFO] MainMsgProcessor.process --> 收到客户端消息, msgClazz = UserAttkCmd, msg = targetUserId: 3

[08:07:42,307] [INFO] UserAttackCmdHandler.handle --> 用户攻击
[08:07:42,307] [INFO] UserAttackCmdHandler.handle --> 当前线程 = MainMsgProcessor
[08:07:42,951] [INFO] MainMsgProcessor.process --> 收到客户端消息, msgClazz = UserAttkCmd, msg = targetUserId: 3

[08:07:42,951] [INFO] UserAttackCmdHandler.handle --> 用户攻击
[08:07:42,951] [INFO] UserAttackCmdHandler.handle --> 当前线程 = MainMsgProcessor
[08:07:43,692] [INFO] MainMsgProcessor.process --> 收到客户端消息, msgClazz = UserAttkCmd, msg = targetUserId: 3

[08:07:43,692] [INFO] UserAttackCmdHandler.handle --> 用户攻击
[08:07:43,692] [INFO] UserAttackCmdHandler.handle --> 当前线程 = MainMsgProcessor
[08:07:44,474] [INFO] MainMsgProcessor.process --> 收到客户端消息, msgClazz = UserAttkCmd, msg = targetUserId: 3

[08:07:44,474] [INFO] UserAttackCmdHandler.handle --> 用户攻击
[08:07:44,474] [INFO] UserAttackCmdHandler.handle --> 当前线程 = MainMsgProcessor
[08:07:45,158] [INFO] MainMsgProcessor.process --> 收到客户端消息, msgClazz = UserAttkCmd, msg = targetUserId: 3

[08:07:45,158] [INFO] UserAttackCmdHandler.handle --> 用户攻击
[08:07:45,158] [INFO] UserAttackCmdHandler.handle --> 当前线程 = MainMsgProcessor
[08:07:45,845] [INFO] MainMsgProcessor.process --> 收到客户端消息, msgClazz = UserAttkCmd, msg = targetUserId: 3

[08:07:45,845] [INFO] UserAttackCmdHandler.handle --> 用户攻击
[08:07:45,845] [INFO] UserAttackCmdHandler.handle --> 当前线程 = MainMsgProcessor
[08:07:46,791] [INFO] MainMsgProcessor.process --> 收到客户端消息, msgClazz = UserMoveToCmd, msg = moveFromPosX: 299.0113
moveFromPosY: 34.157444
moveToPosX: 407.1325
moveToPosY: 28.53012

[08:07:48,399] [INFO] MainMsgProcessor.process --> 收到客户端消息, msgClazz = UserMoveToCmd, msg = moveFromPosX: 407.89038
moveFromPosY: 27.765636
moveToPosX: 359.3253
moveToPosY: 31.614458

[08:07:49,057] [INFO] MainMsgProcessor.process --> 收到客户端消息, msgClazz = UserAttkCmd, msg = targetUserId: 3

[08:07:49,057] [INFO] UserAttackCmdHandler.handle --> 用户攻击
[08:07:49,057] [INFO] UserAttackCmdHandler.handle --> 当前线程 = MainMsgProcessor
[08:07:49,680] [INFO] MainMsgProcessor.process --> 收到客户端消息, msgClazz = UserAttkCmd, msg = targetUserId: 3

[08:07:49,680] [INFO] UserAttackCmdHandler.handle --> 用户攻击
[08:07:49,680] [INFO] UserAttackCmdHandler.handle --> 当前线程 = MainMsgProcessor
[08:07:50,202] [INFO] MainMsgProcessor.process --> 收到客户端消息, msgClazz = UserAttkCmd, msg = targetUserId: 3

[08:07:50,202] [INFO] UserAttackCmdHandler.handle --> 用户攻击
[08:07:50,202] [INFO] UserAttackCmdHandler.handle --> 当前线程 = MainMsgProcessor
[08:07:50,673] [INFO] MainMsgProcessor.process --> 收到客户端消息, msgClazz = UserAttkCmd, msg = targetUserId: 3

[08:07:50,674] [INFO] UserAttackCmdHandler.handle --> 用户攻击
[08:07:50,674] [INFO] UserAttackCmdHandler.handle --> 当前线程 = MainMsgProcessor
[08:07:51,187] [INFO] MainMsgProcessor.process --> 收到客户端消息, msgClazz = UserAttkCmd, msg = targetUserId: 3

[08:07:51,188] [INFO] UserAttackCmdHandler.handle --> 用户攻击
[08:07:51,188] [INFO] UserAttackCmdHandler.handle --> 当前线程 = MainMsgProcessor
[08:07:51,658] [INFO] MainMsgProcessor.process --> 收到客户端消息, msgClazz = UserAttkCmd, msg = targetUserId: 3

[08:07:51,658] [INFO] UserAttackCmdHandler.handle --> 用户攻击
[08:07:51,658] [INFO] UserAttackCmdHandler.handle --> 当前线程 = MainMsgProcessor
[08:07:51,846] [INFO] MainMsgProcessor.process --> 收到客户端消息, msgClazz = UserAttkCmd, msg = targetUserId: 3

[08:07:51,846] [INFO] UserAttackCmdHandler.handle --> 用户攻击
[08:07:51,846] [INFO] UserAttackCmdHandler.handle --> 当前线程 = MainMsgProcessor
[08:07:52,034] [INFO] MainMsgProcessor.process --> 收到客户端消息, msgClazz = UserAttkCmd, msg = targetUserId: 3

[08:07:52,034] [INFO] UserAttackCmdHandler.handle --> 用户攻击
[08:07:52,034] [INFO] UserAttackCmdHandler.handle --> 当前线程 = MainMsgProcessor
[08:07:52,197] [INFO] MainMsgProcessor.process --> 收到客户端消息, msgClazz = UserAttkCmd, msg = targetUserId: 3

[08:07:52,198] [INFO] UserAttackCmdHandler.handle --> 用户攻击
[08:07:52,198] [INFO] UserAttackCmdHandler.handle --> 当前线程 = MainMsgProcessor
[08:07:52,359] [INFO] MainMsgProcessor.process --> 收到客户端消息, msgClazz = UserAttkCmd, msg = targetUserId: 3

[08:07:52,359] [INFO] UserAttackCmdHandler.handle --> 用户攻击
[08:07:52,359] [INFO] UserAttackCmdHandler.handle --> 当前线程 = MainMsgProcessor
[08:07:52,671] [INFO] MainMsgProcessor.process --> 收到客户端消息, msgClazz = UserAttkCmd, msg = targetUserId: 3

[08:07:52,672] [INFO] UserAttackCmdHandler.handle --> 用户攻击
[08:07:52,672] [INFO] UserAttackCmdHandler.handle --> 当前线程 = MainMsgProcessor
[08:07:52,845] [INFO] MainMsgProcessor.process --> 收到客户端消息, msgClazz = UserAttkCmd, msg = targetUserId: 3

[08:07:52,846] [INFO] UserAttackCmdHandler.handle --> 用户攻击
[08:07:52,846] [INFO] UserAttackCmdHandler.handle --> 当前线程 = MainMsgProcessor
[08:07:52,984] [INFO] MainMsgProcessor.process --> 收到客户端消息, msgClazz = UserAttkCmd, msg = targetUserId: 3

[08:07:52,985] [INFO] UserAttackCmdHandler.handle --> 用户攻击
[08:07:52,985] [INFO] UserAttackCmdHandler.handle --> 当前线程 = MainMsgProcessor
[08:07:53,327] [INFO] MainMsgProcessor.process --> 收到客户端消息, msgClazz = UserAttkCmd, msg = targetUserId: 3

[08:07:53,327] [INFO] UserAttackCmdHandler.handle --> 用户攻击
[08:07:53,327] [INFO] UserAttackCmdHandler.handle --> 当前线程 = MainMsgProcessor
[08:07:53,663] [INFO] MainMsgProcessor.process --> 收到客户端消息, msgClazz = UserAttkCmd, msg = targetUserId: 3

[08:07:53,663] [INFO] UserAttackCmdHandler.handle --> 用户攻击
[08:07:53,663] [INFO] UserAttackCmdHandler.handle --> 当前线程 = MainMsgProcessor
[08:07:54,394] [INFO] MainMsgProcessor.process --> 收到客户端消息, msgClazz = UserAttkCmd, msg = targetUserId: 3

[08:07:54,394] [INFO] UserAttackCmdHandler.handle --> 用户攻击
[08:07:54,394] [INFO] UserAttackCmdHandler.handle --> 当前线程 = MainMsgProcessor
[08:07:54,990] [INFO] MainMsgProcessor.process --> 收到客户端消息, msgClazz = UserAttkCmd, msg = targetUserId: 3

[08:07:54,990] [INFO] UserAttackCmdHandler.handle --> 用户攻击
[08:07:54,990] [INFO] UserAttackCmdHandler.handle --> 当前线程 = MainMsgProcessor
[08:07:55,191] [INFO] MainMsgProcessor.process --> 收到客户端消息, msgClazz = UserAttkCmd, msg = targetUserId: 3

[08:07:55,191] [INFO] UserAttackCmdHandler.handle --> 用户攻击
[08:07:55,191] [INFO] UserAttackCmdHandler.handle --> 当前线程 = MainMsgProcessor
[08:07:55,364] [INFO] MainMsgProcessor.process --> 收到客户端消息, msgClazz = UserAttkCmd, msg = targetUserId: 3

[08:07:55,364] [INFO] UserAttackCmdHandler.handle --> 用户攻击
[08:07:55,364] [INFO] UserAttackCmdHandler.handle --> 当前线程 = MainMsgProcessor
[08:07:55,543] [INFO] MainMsgProcessor.process --> 收到客户端消息, msgClazz = UserAttkCmd, msg = targetUserId: 3

[08:07:55,543] [INFO] UserAttackCmdHandler.handle --> 用户攻击
[08:07:55,543] [INFO] UserAttackCmdHandler.handle --> 当前线程 = MainMsgProcessor
[08:07:55,696] [INFO] MainMsgProcessor.process --> 收到客户端消息, msgClazz = UserAttkCmd, msg = targetUserId: 3

[08:07:55,696] [INFO] UserAttackCmdHandler.handle --> 用户攻击
[08:07:55,696] [INFO] UserAttackCmdHandler.handle --> 当前线程 = MainMsgProcessor
[08:07:55,855] [INFO] MainMsgProcessor.process --> 收到客户端消息, msgClazz = UserAttkCmd, msg = targetUserId: 3

[08:07:55,856] [INFO] UserAttackCmdHandler.handle --> 用户攻击
[08:07:55,856] [INFO] UserAttackCmdHandler.handle --> 当前线程 = MainMsgProcessor
[08:07:56,012] [INFO] MainMsgProcessor.process --> 收到客户端消息, msgClazz = UserAttkCmd, msg = targetUserId: 3

[08:07:56,012] [INFO] UserAttackCmdHandler.handle --> 用户攻击
[08:07:56,013] [INFO] UserAttackCmdHandler.handle --> 当前线程 = MainMsgProcessor
[08:07:56,333] [INFO] MainMsgProcessor.process --> 收到客户端消息, msgClazz = UserAttkCmd, msg = targetUserId: 3

[08:07:56,333] [INFO] UserAttackCmdHandler.handle --> 用户攻击
[08:07:56,333] [INFO] UserAttackCmdHandler.handle --> 当前线程 = MainMsgProcessor
[08:07:56,519] [INFO] MainMsgProcessor.process --> 收到客户端消息, msgClazz = UserAttkCmd, msg = targetUserId: 3

[08:07:56,520] [INFO] UserAttackCmdHandler.handle --> 用户攻击
[08:07:56,520] [INFO] UserAttackCmdHandler.handle --> 当前线程 = MainMsgProcessor
